0 info it worked if it ends with ok
1 verbose cli [ '/Users/youzan-yjq/.nvm/versions/node/v6.12.2/bin/node',
1 verbose cli   '/Users/youzan-yjq/.nvm/versions/node/v6.12.2/bin/npm',
1 verbose cli   'run',
1 verbose cli   'dev' ]
2 info using npm@3.10.10
3 info using node@v6.12.2
4 verbose run-script [ 'predev', 'dev', 'postdev' ]
5 info lifecycle my-view@0.0.1~predev: my-view@0.0.1
6 silly lifecycle my-view@0.0.1~predev: no script for predev, continuing
7 info lifecycle my-view@0.0.1~dev: my-view@0.0.1
8 verbose lifecycle my-view@0.0.1~dev: unsafe-perm in lifecycle true
9 verbose lifecycle my-view@0.0.1~dev: PATH: /Users/youzan-yjq/.nvm/versions/node/v6.12.2/lib/node_modules/npm/bin/node-gyp-bin:/Users/youzan-yjq/Documents/my-project/my-view/node_modules/.bin:/Users/youzan-yjq/.nvm/versions/node/v6.12.2/bin:/usr/local/bin:/usr/bin:/bin:/usr/sbin:/sbin
10 verbose lifecycle my-view@0.0.1~dev: CWD: /Users/youzan-yjq/Documents/my-project/my-view
11 silly lifecycle my-view@0.0.1~dev: Args: [ '-c',
11 silly lifecycle   'webpack-dev-server --config build/webpack.dev.js --inline --hot' ]
12 silly lifecycle my-view@0.0.1~dev: Returned: code: 1  signal: null
13 info lifecycle my-view@0.0.1~dev: Failed to exec dev script
14 verbose stack Error: my-view@0.0.1 dev: `webpack-dev-server --config build/webpack.dev.js --inline --hot`
14 verbose stack Exit status 1
14 verbose stack     at EventEmitter.<anonymous> (/Users/youzan-yjq/.nvm/versions/node/v6.12.2/lib/node_modules/npm/lib/utils/lifecycle.js:255:16)
14 verbose stack     at emitTwo (events.js:106:13)
14 verbose stack     at EventEmitter.emit (events.js:191:7)
14 verbose stack     at ChildProcess.<anonymous> (/Users/youzan-yjq/.nvm/versions/node/v6.12.2/lib/node_modules/npm/lib/utils/spawn.js:40:14)
14 verbose stack     at emitTwo (events.js:106:13)
14 verbose stack     at ChildProcess.emit (events.js:191:7)
14 verbose stack     at maybeClose (internal/child_process.js:920:16)
14 verbose stack     at Process.ChildProcess._handle.onexit (internal/child_process.js:230:5)
15 verbose pkgid my-view@0.0.1
16 verbose cwd /Users/youzan-yjq/Documents/my-project/my-view
17 error Darwin 17.6.0
18 error argv "/Users/youzan-yjq/.nvm/versions/node/v6.12.2/bin/node" "/Users/youzan-yjq/.nvm/versions/node/v6.12.2/bin/npm" "run" "dev"
19 error node v6.12.2
20 error npm  v3.10.10
21 error code ELIFECYCLE
22 error my-view@0.0.1 dev: `webpack-dev-server --config build/webpack.dev.js --inline --hot`
22 error Exit status 1
23 error Failed at the my-view@0.0.1 dev script 'webpack-dev-server --config build/webpack.dev.js --inline --hot'.
23 error Make sure you have the latest version of node.js and npm installed.
23 error If you do, this is most likely a problem with the my-view package,
23 error not with npm itself.
23 error Tell the author that this fails on your system:
23 error     webpack-dev-server --config build/webpack.dev.js --inline --hot
23 error You can get information on how to open an issue for this project with:
23 error     npm bugs my-view
23 error Or if that isn't available, you can get their info via:
23 error     npm owner ls my-view
23 error There is likely additional logging output above.
24 verbose exit [ 1, true ]
