Arguments: 
  /Users/youzan-yjq/.nvm/versions/node/v8.10.0/bin/node /usr/local/Cellar/yarn/1.9.4/libexec/bin/yarn.js

PATH: 
  /usr/local/bin:/usr/bin:/bin:/usr/sbin:/sbin:/Users/youzan-yjq/.nvm/versions/node/v8.10.0/bin

Yarn version: 
  1.9.4

Node version: 
  8.10.0

Platform: 
  darwin x64

Trace: 
  Error: http://registry.npm.qima-inc.com/@reach%2frouter: not_found
      at Request.params.callback [as _callback] (/usr/local/Cellar/yarn/1.9.4/libexec/lib/cli.js:64202:18)
      at Request.self.callback (/usr/local/Cellar/yarn/1.9.4/libexec/lib/cli.js:137468:22)
      at emitTwo (events.js:126:13)
      at Request.emit (events.js:214:7)
      at Request.<anonymous> (/usr/local/Cellar/yarn/1.9.4/libexec/lib/cli.js:138440:10)
      at emitOne (events.js:116:13)
      at Request.emit (events.js:211:7)
      at IncomingMessage.<anonymous> (/usr/local/Cellar/yarn/1.9.4/libexec/lib/cli.js:138362:12)
      at Object.onceWrapper (events.js:313:30)
      at emitNone (events.js:111:20)

npm manifest: 
  {
    "name": "my-view",
    "version": "0.0.1",
    "description": "react components for myself",
    "main": "index.js",
    "scripts": {
      "test": "jest --coverage",
      "dev": "webpack-dev-server --config build/webpack.dev.js --inline --hot",
      "build": "webpack --progress --hide-modules"
    },
    "keywords": [
      "react",
      "components"
    ],
    "author": "codpoe",
    "license": "MIT",
    "dependencies": {
      "classnames": "^2.2.5",
      "prop-types": "^15.6.0",
      "react": "^16.4.1",
      "react-dom": "^16.2.0",
      "react-transition-group": "^2.4.0",
      "@reach/router": "^1.1.1"
    },
    "devDependencies": {
      "autoprefixer": "^8.6.4",
      "babel-core": "^6.26.3",
      "babel-jest": "^21.2.0",
      "babel-loader": "^7.1.4",
      "babel-preset-env": "^1.7.0",
      "babel-preset-stage-0": "^6.24.1",
      "babel-preset-react": "^6.24.1",
      "babel-standalone": "^6.26.0",
      "cross-env": "^5.2.0",
      "css-loader": "^0.28.11",
      "enzyme": "^3.2.0",
      "enzyme-adapter-react-16": "^1.1.0",
      "eslint": "^4.19.1",
      "eslint-config-airbnb": "^17.0.0",
      "eslint-plugin-import": "^2.13.0",
      "eslint-plugin-jsx-a11y": "^6.0.3",
      "eslint-plugin-react": "^7.10.0",
      "file-loader": "^1.1.11",
      "html-webpack-plugin": "^3.2.0",
      "jest": "^21.2.1",
      "mini-css-extract-plugin": "^0.4.1",
      "postcss-cssnext": "^3.1.0",
      "postcss-import": "^11.1.0",
      "postcss-loader": "^2.1.5",
      "postcss-preset-env": "^5.2.1",
      "raw-loader": "^0.5.1",
      "style-loader": "^0.21.0",
      "url-loader": "^1.0.1",
      "webpack": "^4.14.0",
      "webpack-cli": "^3.0.8",
      "webpack-dev-server": "^3.1.4",
      "marked": "^0.4.0",
      "@codpoe/react-markdown-loader": "^0.0.2"
    },
    "jest": {
      "setupTestFrameworkScriptFile": "<rootDir>/jest/config.js",
      "testPathIgnorePatterns": [
        "<rootDir>/jest"
      ],
      "moduleNameMapper": {
        "\\.(jpg|jpeg|png|gif|eot|otf|webp|svg|ttf|woff|woff2|mp4|webm|wav|mp3|m4a|aac|oga)$": "<rootDir>/jest/fileMock.js",
        "\\.(css|less|sass|scss|pcss)$": "identity-obj-proxy"
      }
    }
  }

yarn manifest: 
  No manifest

Lockfile: 
  No lockfile
